---------- Date: 2017-07-09 22:27:01 ~ IP : 183.179.47.45 ----------
REQUEST URI : /%E9%9B%BB%E5%8B%95%E8%87%AA%E6%85%B0%E5%99%A8?page=1
MOD DETAILS:
   modFile   : /www/web/www_18miss_com/public_html/vqmod/xml/generator.xml
   id        : GENERATOR ORDER ID AND INVOICE NO
   version   : 1.4.x and above
   vqmver    : 2.5.0
   author    : aauwwo
VQModObject::parseMods - Could not resolve path for [system/modification/catalog/model/checkout/order.php] (SKIPPED)
VQModObject::parseMods - Could not resolve path for [system/storage/modification/catalog/model/checkout/order.php] (SKIPPED)
VQModObject::parseMods - Could not resolve path for [system/modification/catalog/model/checkout/order.php] (SKIPPED)
VQModObject::parseMods - Could not resolve path for [system/storage/modification/catalog/model/checkout/order.php] (SKIPPED)
VQModObject::parseMods - Could not resolve path for [admin/model/sale/order.php] (SKIPPED)

----------------------------------------------------------------------


---------- Date: 2017-07-09 22:27:07 ~ IP : 218.250.167.39 ----------
REQUEST URI : /toysheart-01.html
MOD DETAILS:
   modFile   : /www/web/www_18miss_com/public_html/vqmod/xml/custom_alts.xml
   id        : Custom alts
   version   : 1.0.0
   vqmver    : 2.1.5
   author    : ovife21

File Name    : catalog/view/theme/*/template/product/product.tpl(0)
VQModObject::applyMod - SEARCH NOT FOUND (ABORTING MOD): alt="<?php echo $heading_title; ?>"
MOD DETAILS:
   modFile   : /www/web/www_18miss_com/public_html/vqmod/xml/custom_imgtitles.xml
   id        : Custom Image Title Tags
   version   : 1.0.0
   vqmver    : 2.1.5
   author    : ovife21

File Name    : catalog/view/theme/*/template/product/product.tpl(0)
VQModObject::applyMod - SEARCH NOT FOUND (ABORTING MOD): title="<?php echo $heading_title; ?>"
MOD DETAILS:
   modFile   : /www/web/www_18miss_com/public_html/vqmod/xml/smart_microdata.xml
   id        : Smart Microdata
   version   : 1.0
   vqmver    : 2.3.0
   author    : ovife21

File Name    : catalog/view/theme/*/template/product/product.tpl(0)
VQModObject::applyMod - SEARCH NOT FOUND (ABORTING MOD): <h1

----------------------------------------------------------------------


---------- Date: 2017-07-09 23:19:38 ~ IP : 114.142.153.139 ----------
REQUEST URI : /index.php?route=api/order/history&api=api%2Forder%2Fhistory&order_id=52999
MOD DETAILS:
   modFile   : /www/web/www_18miss_com/public_html/vqmod/xml/generator.xml
   id        : GENERATOR ORDER ID AND INVOICE NO
   version   : 1.4.x and above
   vqmver    : 2.5.0
   author    : aauwwo

File Name    : catalog/model/checkout/order.php(0)
VQModObject::applyMod - SEARCH NOT FOUND (ABORTING MOD): $invoice_no = $query->row['invoice_no'] + 1;

----------------------------------------------------------------------


