---------- Date: 2017-07-10 22:42:45 ~ IP : 14.0.158.239 ----------
REQUEST URI : /index.php?route=information/link&name=exoclick
MOD DETAILS:
   modFile   : /www/web/www_18miss_com/public_html/vqmod/xml/generator.xml
   id        : GENERATOR ORDER ID AND INVOICE NO
   version   : 1.4.x and above
   vqmver    : 2.5.0
   author    : aauwwo
VQModObject::parseMods - Could not resolve path for [system/modification/catalog/model/checkout/order.php] (SKIPPED)
VQModObject::parseMods - Could not resolve path for [system/storage/modification/catalog/model/checkout/order.php] (SKIPPED)
VQModObject::parseMods - Could not resolve path for [system/modification/catalog/model/checkout/order.php] (SKIPPED)
VQModObject::parseMods - Could not resolve path for [system/storage/modification/catalog/model/checkout/order.php] (SKIPPED)
VQModObject::parseMods - Could not resolve path for [admin/model/sale/order.php] (SKIPPED)

----------------------------------------------------------------------


---------- Date: 2017-07-10 22:43:21 ~ IP : 207.46.13.190 ----------
REQUEST URI : /%E9%9D%9A%E5%A5%B3%E5%B0%88%E5%8D%80-%E6%88%90%E4%BA%BA%E7%8E%A9%E5%85%B7/%E6%97%A5%E6%9C%ACAV%E5%A5%B3%E5%84%AA%E6%8C%89%E6%91%A9%E6%A3%92/lelo-smart-wand-medium.html
MOD DETAILS:
   modFile   : /www/web/www_18miss_com/public_html/vqmod/xml/custom_alts.xml
   id        : Custom alts
   version   : 1.0.0
   vqmver    : 2.1.5
   author    : ovife21

File Name    : catalog/view/theme/*/template/product/product.tpl(0)
VQModObject::applyMod - SEARCH NOT FOUND (ABORTING MOD): alt="<?php echo $heading_title; ?>"
MOD DETAILS:
   modFile   : /www/web/www_18miss_com/public_html/vqmod/xml/custom_imgtitles.xml
   id        : Custom Image Title Tags
   version   : 1.0.0
   vqmver    : 2.1.5
   author    : ovife21

File Name    : catalog/view/theme/*/template/product/product.tpl(0)
VQModObject::applyMod - SEARCH NOT FOUND (ABORTING MOD): title="<?php echo $heading_title; ?>"
MOD DETAILS:
   modFile   : /www/web/www_18miss_com/public_html/vqmod/xml/smart_microdata.xml
   id        : Smart Microdata
   version   : 1.0
   vqmver    : 2.3.0
   author    : ovife21

File Name    : catalog/view/theme/*/template/product/product.tpl(0)
VQModObject::applyMod - SEARCH NOT FOUND (ABORTING MOD): <h1

----------------------------------------------------------------------


---------- Date: 2017-07-10 23:12:17 ~ IP : 123.203.213.199 ----------
REQUEST URI : /index.php?route=checkout/quick_checkout/order
MOD DETAILS:
   modFile   : /www/web/www_18miss_com/public_html/vqmod/xml/generator.xml
   id        : GENERATOR ORDER ID AND INVOICE NO
   version   : 1.4.x and above
   vqmver    : 2.5.0
   author    : aauwwo

File Name    : catalog/model/checkout/order.php(0)
VQModObject::applyMod - SEARCH NOT FOUND (ABORTING MOD): $invoice_no = $query->row['invoice_no'] + 1;

----------------------------------------------------------------------


