---------- Date: 2018-01-31 22:36:55 ~ IP : 88.198.66.230 ----------
REQUEST URI : /%E8%87%AA%E6%85%B0%E9%A3%9B%E6%A9%9F%E6%9D%AF/rends-2109965739.html
MOD DETAILS:
   modFile   : /www/web/www_18miss_com/public_html/vqmod/xml/generator.xml
   id        : GENERATOR ORDER ID AND INVOICE NO
   version   : 1.4.x and above
   vqmver    : 2.5.0
   author    : aauwwo
VQModObject::parseMods - Could not resolve path for [system/modification/catalog/model/checkout/order.php] (SKIPPED)
VQModObject::parseMods - Could not resolve path for [system/storage/modification/catalog/model/checkout/order.php] (SKIPPED)
VQModObject::parseMods - Could not resolve path for [system/modification/catalog/model/checkout/order.php] (SKIPPED)
VQModObject::parseMods - Could not resolve path for [system/storage/modification/catalog/model/checkout/order.php] (SKIPPED)
VQModObject::parseMods - Could not resolve path for [admin/model/sale/order.php] (SKIPPED)
MOD DETAILS:
   modFile   : /www/web/www_18miss_com/public_html/vqmod/xml/custom_alts.xml
   id        : Custom alts
   version   : 1.0.0
   vqmver    : 2.1.5
   author    : ovife21

File Name    : catalog/view/theme/*/template/product/product.tpl(0)
VQModObject::applyMod - SEARCH NOT FOUND (ABORTING MOD): alt="<?php echo $heading_title; ?>"
MOD DETAILS:
   modFile   : /www/web/www_18miss_com/public_html/vqmod/xml/custom_imgtitles.xml
   id        : Custom Image Title Tags
   version   : 1.0.0
   vqmver    : 2.1.5
   author    : ovife21

File Name    : catalog/view/theme/*/template/product/product.tpl(0)
VQModObject::applyMod - SEARCH NOT FOUND (ABORTING MOD): title="<?php echo $heading_title; ?>"
MOD DETAILS:
   modFile   : /www/web/www_18miss_com/public_html/vqmod/xml/smart_microdata.xml
   id        : Smart Microdata
   version   : 1.0
   vqmver    : 2.3.0
   author    : ovife21

File Name    : catalog/view/theme/*/template/product/product.tpl(0)
VQModObject::applyMod - SEARCH NOT FOUND (ABORTING MOD): <h1

----------------------------------------------------------------------


---------- Date: 2018-01-31 22:39:55 ~ IP : 205.215.13.70 ----------
REQUEST URI : /index.php?route=checkout/quick_checkout/order
MOD DETAILS:
   modFile   : /www/web/www_18miss_com/public_html/vqmod/xml/generator.xml
   id        : GENERATOR ORDER ID AND INVOICE NO
   version   : 1.4.x and above
   vqmver    : 2.5.0
   author    : aauwwo

File Name    : catalog/model/checkout/order.php(0)
VQModObject::applyMod - SEARCH NOT FOUND (ABORTING MOD): $invoice_no = $query->row['invoice_no'] + 1;

----------------------------------------------------------------------


