---------- Date: 2018-02-08 05:32:45 ~ IP : 60.246.160.175 ----------
REQUEST URI : /%E9%9C%87%E8%9B%8B%E8%B7%B3%E8%9B%8B%E5%B0%88%E5%8D%80
MOD DETAILS:
   modFile   : /www/web/old_18miss_com/public_html/vqmod/xml/generator.xml
   id        : GENERATOR ORDER ID AND INVOICE NO
   version   : 1.4.x and above
   vqmver    : 2.5.0
   author    : aauwwo
VQModObject::parseMods - Could not resolve path for [system/modification/catalog/model/checkout/order.php] (SKIPPED)
VQModObject::parseMods - Could not resolve path for [system/storage/modification/catalog/model/checkout/order.php] (SKIPPED)
VQModObject::parseMods - Could not resolve path for [system/modification/catalog/model/checkout/order.php] (SKIPPED)
VQModObject::parseMods - Could not resolve path for [system/storage/modification/catalog/model/checkout/order.php] (SKIPPED)
VQModObject::parseMods - Could not resolve path for [admin/model/sale/order.php] (SKIPPED)

----------------------------------------------------------------------


---------- Date: 2018-02-08 05:32:48 ~ IP : 60.246.160.175 ----------
REQUEST URI : /%E9%9C%87%E8%9B%8B%E8%B7%B3%E8%9B%8B%E5%B0%88%E5%8D%80/a-one-french-egg-10.html
MOD DETAILS:
   modFile   : /www/web/old_18miss_com/public_html/vqmod/xml/custom_alts.xml
   id        : Custom alts
   version   : 1.0.0
   vqmver    : 2.1.5
   author    : ovife21

File Name    : catalog/view/theme/*/template/product/product.tpl(0)
VQModObject::applyMod - SEARCH NOT FOUND (ABORTING MOD): alt="<?php echo $heading_title; ?>"
MOD DETAILS:
   modFile   : /www/web/old_18miss_com/public_html/vqmod/xml/custom_imgtitles.xml
   id        : Custom Image Title Tags
   version   : 1.0.0
   vqmver    : 2.1.5
   author    : ovife21

File Name    : catalog/view/theme/*/template/product/product.tpl(0)
VQModObject::applyMod - SEARCH NOT FOUND (ABORTING MOD): title="<?php echo $heading_title; ?>"
MOD DETAILS:
   modFile   : /www/web/old_18miss_com/public_html/vqmod/xml/smart_microdata.xml
   id        : Smart Microdata
   version   : 1.0
   vqmver    : 2.3.0
   author    : ovife21

File Name    : catalog/view/theme/*/template/product/product.tpl(0)
VQModObject::applyMod - SEARCH NOT FOUND (ABORTING MOD): <h1

----------------------------------------------------------------------


---------- Date: 2018-02-08 05:36:46 ~ IP : 60.246.160.175 ----------
REQUEST URI : /
MOD DETAILS:
   modFile   : /www/web/www_18miss_com/public_html/vqmod/xml/generator.xml
   id        : GENERATOR ORDER ID AND INVOICE NO
   version   : 1.4.x and above
   vqmver    : 2.5.0
   author    : aauwwo
VQModObject::parseMods - Could not resolve path for [system/modification/catalog/model/checkout/order.php] (SKIPPED)
VQModObject::parseMods - Could not resolve path for [system/storage/modification/catalog/model/checkout/order.php] (SKIPPED)
VQModObject::parseMods - Could not resolve path for [system/modification/catalog/model/checkout/order.php] (SKIPPED)
VQModObject::parseMods - Could not resolve path for [system/storage/modification/catalog/model/checkout/order.php] (SKIPPED)
VQModObject::parseMods - Could not resolve path for [admin/model/sale/order.php] (SKIPPED)

----------------------------------------------------------------------


---------- Date: 2018-02-08 05:36:50 ~ IP : 34.227.91.188 ----------
REQUEST URI : /%E9%9D%9E%E9%9B%BB%E5%8B%95%E8%87%AA%E6%85%B0%E6%A3%92/a-one-3-77839764.html
MOD DETAILS:
   modFile   : /www/web/www_18miss_com/public_html/vqmod/xml/custom_alts.xml
   id        : Custom alts
   version   : 1.0.0
   vqmver    : 2.1.5
   author    : ovife21

File Name    : catalog/view/theme/*/template/product/product.tpl(0)
VQModObject::applyMod - SEARCH NOT FOUND (ABORTING MOD): alt="<?php echo $heading_title; ?>"
MOD DETAILS:
   modFile   : /www/web/www_18miss_com/public_html/vqmod/xml/custom_imgtitles.xml
   id        : Custom Image Title Tags
   version   : 1.0.0
   vqmver    : 2.1.5
   author    : ovife21

File Name    : catalog/view/theme/*/template/product/product.tpl(0)
VQModObject::applyMod - SEARCH NOT FOUND (ABORTING MOD): title="<?php echo $heading_title; ?>"
MOD DETAILS:
   modFile   : /www/web/www_18miss_com/public_html/vqmod/xml/smart_microdata.xml
   id        : Smart Microdata
   version   : 1.0
   vqmver    : 2.3.0
   author    : ovife21

File Name    : catalog/view/theme/*/template/product/product.tpl(0)
VQModObject::applyMod - SEARCH NOT FOUND (ABORTING MOD): <h1

----------------------------------------------------------------------


---------- Date: 2018-02-08 05:36:50 ~ IP : 60.246.160.175 ----------
REQUEST URI : /%E9%9C%87%E8%9B%8B%E8%B7%B3%E8%9B%8B%E5%B0%88%E5%8D%80/a-one-french-egg-10.html
MOD DETAILS:
   modFile   : /www/web/www_18miss_com/public_html/vqmod/xml/custom_alts.xml
   id        : Custom alts
   version   : 1.0.0
   vqmver    : 2.1.5
   author    : ovife21

File Name    : catalog/view/theme/*/template/product/product.tpl(0)
VQModObject::applyMod - SEARCH NOT FOUND (ABORTING MOD): alt="<?php echo $heading_title; ?>"
MOD DETAILS:
   modFile   : /www/web/www_18miss_com/public_html/vqmod/xml/custom_imgtitles.xml
   id        : Custom Image Title Tags
   version   : 1.0.0
   vqmver    : 2.1.5
   author    : ovife21

File Name    : catalog/view/theme/*/template/product/product.tpl(0)
VQModObject::applyMod - SEARCH NOT FOUND (ABORTING MOD): title="<?php echo $heading_title; ?>"
MOD DETAILS:
   modFile   : /www/web/www_18miss_com/public_html/vqmod/xml/smart_microdata.xml
   id        : Smart Microdata
   version   : 1.0
   vqmver    : 2.3.0
   author    : ovife21

File Name    : catalog/view/theme/*/template/product/product.tpl(0)
VQModObject::applyMod - SEARCH NOT FOUND (ABORTING MOD): <h1

----------------------------------------------------------------------


---------- Date: 2018-02-08 05:44:01 ~ IP : 60.246.160.175 ----------
REQUEST URI : /index.php?route=checkout/quick_checkout/order
MOD DETAILS:
   modFile   : /www/web/www_18miss_com/public_html/vqmod/xml/generator.xml
   id        : GENERATOR ORDER ID AND INVOICE NO
   version   : 1.4.x and above
   vqmver    : 2.5.0
   author    : aauwwo

File Name    : catalog/model/checkout/order.php(0)
VQModObject::applyMod - SEARCH NOT FOUND (ABORTING MOD): $invoice_no = $query->row['invoice_no'] + 1;

----------------------------------------------------------------------


