---------- Date: 2018-01-05 02:29:24 ~ IP : 42.98.208.223 ----------
REQUEST URI : /%E8%BC%94%E5%8A%A9%E6%B2%BB%E7%99%82-%E6%80%A7%E7%94%A8%E5%93%81
MOD DETAILS:
   modFile   : /www/web/www_18miss_com/public_html/vqmod/xml/generator.xml
   id        : GENERATOR ORDER ID AND INVOICE NO
   version   : 1.4.x and above
   vqmver    : 2.5.0
   author    : aauwwo
VQModObject::parseMods - Could not resolve path for [system/modification/catalog/model/checkout/order.php] (SKIPPED)
VQModObject::parseMods - Could not resolve path for [system/storage/modification/catalog/model/checkout/order.php] (SKIPPED)
VQModObject::parseMods - Could not resolve path for [system/modification/catalog/model/checkout/order.php] (SKIPPED)
VQModObject::parseMods - Could not resolve path for [system/storage/modification/catalog/model/checkout/order.php] (SKIPPED)
VQModObject::parseMods - Could not resolve path for [admin/model/sale/order.php] (SKIPPED)

----------------------------------------------------------------------


---------- Date: 2018-01-05 02:29:29 ~ IP : 157.55.39.192 ----------
REQUEST URI : /%E7%94%B7%E7%94%A8%E5%B0%88%E5%8D%80/enjoy-toys-2-illusion2.html
MOD DETAILS:
   modFile   : /www/web/www_18miss_com/public_html/vqmod/xml/custom_alts.xml
   id        : Custom alts
   version   : 1.0.0
   vqmver    : 2.1.5
   author    : ovife21

File Name    : catalog/view/theme/*/template/product/product.tpl(0)
VQModObject::applyMod - SEARCH NOT FOUND (ABORTING MOD): alt="<?php echo $heading_title; ?>"
MOD DETAILS:
   modFile   : /www/web/www_18miss_com/public_html/vqmod/xml/custom_imgtitles.xml
   id        : Custom Image Title Tags
   version   : 1.0.0
   vqmver    : 2.1.5
   author    : ovife21

File Name    : catalog/view/theme/*/template/product/product.tpl(0)
VQModObject::applyMod - SEARCH NOT FOUND (ABORTING MOD): title="<?php echo $heading_title; ?>"
MOD DETAILS:
   modFile   : /www/web/www_18miss_com/public_html/vqmod/xml/smart_microdata.xml
   id        : Smart Microdata
   version   : 1.0
   vqmver    : 2.3.0
   author    : ovife21

File Name    : catalog/view/theme/*/template/product/product.tpl(0)
VQModObject::applyMod - SEARCH NOT FOUND (ABORTING MOD): <h1

----------------------------------------------------------------------


---------- Date: 2018-01-05 02:30:15 ~ IP : 60.246.52.209 ----------
REQUEST URI : /index.php?route=checkout/quick_checkout/order
MOD DETAILS:
   modFile   : /www/web/www_18miss_com/public_html/vqmod/xml/generator.xml
   id        : GENERATOR ORDER ID AND INVOICE NO
   version   : 1.4.x and above
   vqmver    : 2.5.0
   author    : aauwwo

File Name    : catalog/model/checkout/order.php(0)
VQModObject::applyMod - SEARCH NOT FOUND (ABORTING MOD): $invoice_no = $query->row['invoice_no'] + 1;

----------------------------------------------------------------------


