2016-12-31 16:47:22 - MOD: Modification Default

FILE: system/engine/action.php
REGEX: ~(require|include)(_once)?\(([^)]+)~
LINE: 41

FILE: system/engine/loader.php
REGEX: ~(require|include)(_once)?\(([^)]+)~
LINE: 49
LINE: 108
LINE: 120
LINE: 165

FILE: system/library/config.php
REGEX: ~(require|include)(_once)?\(([^)]+)~
LINE: 23

FILE: system/library/language.php
REGEX: ~(require|include)(_once)?\(([^)]+)~
LINE: 38
LINE: 40
LINE: 49
LINE: 51
LINE: 60
LINE: 62

FILE: system/library/template/php.php
REGEX: ~(require|include)(_once)?\(([^)]+)~
LINE: 18

FILE: system/library/template/tiwg.php
REGEX: ~(require|include)(_once)?\(([^)]+)~
LINE: 24
----------------------------------------------------------------
2016-12-31 16:48:33 - MOD: Modification Default

FILE: system/engine/action.php
REGEX: ~(require|include)(_once)?\(([^)]+)~
LINE: 41

FILE: system/engine/loader.php
REGEX: ~(require|include)(_once)?\(([^)]+)~
LINE: 49
LINE: 108
LINE: 120
LINE: 165

FILE: system/library/config.php
REGEX: ~(require|include)(_once)?\(([^)]+)~
LINE: 23

FILE: system/library/language.php
REGEX: ~(require|include)(_once)?\(([^)]+)~
LINE: 38
LINE: 40
LINE: 49
LINE: 51
LINE: 60
LINE: 62

FILE: system/library/template/php.php
REGEX: ~(require|include)(_once)?\(([^)]+)~
LINE: 18

FILE: system/library/template/tiwg.php
REGEX: ~(require|include)(_once)?\(([^)]+)~
LINE: 24
----------------------------------------------------------------
MOD: Shopencart News/Blog integration OCmod

FILE: admin/controller/common/dashboard.php
CODE: $data['footer'] = $this->load->controller('common/footer');
LINE: 81

FILE: admin/view/template/common/dashboard.tpl
CODE: <?php if ($error_install) { ?>
LINE: 15

FILE: catalog/controller/common/column_left.php
CODE: $this->load->model('catalog/information');
LINE: 31
CODE: if ($route == 'product/category' && isset($this->request->get['path'])) {
LINE: 23

FILE: catalog/controller/common/column_right.php
CODE: $this->load->model('catalog/information');
LINE: 31
CODE: if ($route == 'product/category' && isset($this->request->get['path'])) {
LINE: 23

FILE: catalog/controller/common/content_top.php
CODE: $this->load->model('catalog/information');
LINE: 31
CODE: if ($route == 'product/category' && isset($this->request->get['path'])) {
LINE: 23

FILE: catalog/controller/common/content_bottom.php
CODE: $this->load->model('catalog/information');
LINE: 31
CODE: if ($route == 'product/category' && isset($this->request->get['path'])) {
LINE: 23

FILE: catalog/controller/startup/seo_url.php
CODE: $this->request->get['route'] = 'information/information';
LINE: 130
CODE: } elseif ($key == 'path') {
LINE: 155

FILE: catalog/controller/common/footer.php
CODE: $this->load->model('catalog/information');
LINE: 27

FILE: catalog/view/theme/default/template/common/footer.tpl
CODE: <li><a href="<?php echo $special; ?>"><?php echo $text_special; ?></a></li>
LINE: 30

FILE: catalog/view/theme/superstar/template/common/footer.tpl
CODE: <li><a href="<?php echo $special; ?>"><?php echo $text_special; ?></a></li>
LINE: 89

FILE: system/library/document.php
CODE: private $scripts = array();
LINE: 21

FILE: catalog/view/theme/default/template/common/header.tpl
CODE: <?php if ($description) { ?>
LINE: 16

FILE: catalog/view/theme/superstar/template/common/header.tpl
CODE: <?php if ($description) { ?>
LINE: 29
----------------------------------------------------------------
