支付宝沙箱测试
https://openhome.alipay.com
应用网关,接受异步通知的网址



正常的支付网关发起的参数
https://www.alipay.com/cooperate/gateway.do?
_input_charset=utf-8
&logistics_fee=0.00
&logistics_payment=SELLER_PAY
&logistics_type=EXPRESS
&notify_url=http%3A%2F%2Fmok.localweb.com%2Fcatalog%2Fcontroller%2Fextension%2Fpayment%2Falipay_callback.php
&out_trade_no=20
&partner=1
&payment_type=1
&price=202.00
&quantity=1
&receive_address=123123+23123
&receive_mobile=123123123
&receive_name=hualong+wang
&receive_phone=123123123
&receive_zip=123123
&return_url=http%3A%2F%2Fmok.localweb.com%2Findex.php%3Froute%3Dcheckout%2Fsuccess
&seller_email=1
&service=create_direct_pay_by_user
&subject=iPhone
&sign=9db3d6019d0c80bd3c11e4601983e4d6
&sign_type=MD5

